<?xml version="1.0" encoding="UTF-8"?>
<!-- Generated by org.testng.reporters.JUnitXMLReporter -->
<testsuite ignored="0" hostname="DESKTOP-G74BMDU" failures="0" tests="3" name="Test3" time="0.17" errors="0" timestamp="2023-05-23T21:22:12 PDT">
  <testcase classname="testNGpackage2.DemoTestCase1" name="TestCase1" time="0.023"/>
  <testcase classname="testNGpackage2.DemoTestCase3" name="TestCase1" time="0.004"/>
  <testcase classname="testNGpackage2.DemoTestCase2" name="TestCase1" time="0.01"/>
</testsuite> <!-- Test3 -->
