<?xml version="1.0" encoding="UTF-8"?>
<!-- Generated by org.testng.reporters.JUnitXMLReporter -->
<testsuite ignored="0" hostname="DESKTOP-G74BMDU" failures="0" tests="3" name="Test2" time="49.292" errors="0" timestamp="2023-05-22T22:36:55 PDT">
  <testcase classname="testNGpackage1.DemoTest3" name="selenium" time="28.782"/>
  <testcase classname="testNGpackage1.DemoTest2" name="sql" time="13.668"/>
  <testcase classname="testNGpackage1.DemoTest1" name="java" time="6.536"/>
</testsuite> <!-- Test2 -->
