<?xml version="1.0" encoding="UTF-8"?>
<!-- Generated by org.testng.reporters.JUnitXMLReporter -->
<testsuite ignored="0" hostname="DESKTOP-G74BMDU" failures="0" tests="3" name="Test" time="105.954" errors="0" timestamp="2023-05-23T21:34:52 PDT">
  <testcase classname="testNGpackage3.Demo3" name="selenium" time="101.455"/>
  <testcase classname="testNGpackage3.Demo2" name="sql" time="105.539"/>
  <testcase classname="testNGpackage3.Demo1" name="java" time="105.855"/>
</testsuite> <!-- Test -->
