<?xml version="1.0" encoding="UTF-8"?>
<testng-results ignored="0" total="1" passed="1" failed="0" skipped="0">
  <reporter-output>
    <line>
      <![CDATA[BeforeSuite Annotation]]>
    </line>
    <line>
      <![CDATA[BeforeTest Annotation]]>
    </line>
    <line>
      <![CDATA[BeforeClass Annotation]]>
    </line>
    <line>
      <![CDATA[BeforeMathod Annotation]]>
    </line>
    <line>
      <![CDATA[Test Annotation]]>
    </line>
    <line>
      <![CDATA[AfterMathod Annotation]]>
    </line>
    <line>
      <![CDATA[AfterClass Annotation]]>
    </line>
    <line>
      <![CDATA[AfterTest Annotation]]>
    </line>
    <line>
      <![CDATA[AfterSuite Annotation]]>
    </line>
  </reporter-output>
  <suite started-at="2023-05-24T05:38:16 PDT" name="Default suite" finished-at="2023-05-24T05:38:16 PDT" duration-ms="91">
    <groups>
    </groups>
    <test started-at="2023-05-24T05:38:16 PDT" name="Default test" finished-at="2023-05-24T05:38:16 PDT" duration-ms="91">
      <class name="testNGannotation.Annotation">
        <test-method is-config="true" signature="beforeSuite()[pri:0, instance:testNGannotation.Annotation@7a419da4]" started-at="2023-05-24T05:38:16 PDT" name="beforeSuite" finished-at="2023-05-24T05:38:16 PDT" duration-ms="16" status="PASS">
          <reporter-output>
            <line>
              <![CDATA[BeforeSuite Annotation]]>
            </line>
          </reporter-output>
        </test-method> <!-- beforeSuite -->
        <test-method is-config="true" signature="beforeTest()[pri:0, instance:testNGannotation.Annotation@7a419da4]" started-at="2023-05-24T05:38:16 PDT" name="beforeTest" finished-at="2023-05-24T05:38:16 PDT" duration-ms="1" status="PASS">
          <reporter-output>
            <line>
              <![CDATA[BeforeTest Annotation]]>
            </line>
          </reporter-output>
        </test-method> <!-- beforeTest -->
        <test-method is-config="true" signature="beforeClass()[pri:0, instance:testNGannotation.Annotation@7a419da4]" started-at="2023-05-24T05:38:16 PDT" name="beforeClass" finished-at="2023-05-24T05:38:16 PDT" duration-ms="0" status="PASS">
          <reporter-output>
            <line>
              <![CDATA[BeforeClass Annotation]]>
            </line>
          </reporter-output>
        </test-method> <!-- beforeClass -->
        <test-method is-config="true" signature="beforeMethod()[pri:0, instance:testNGannotation.Annotation@7a419da4]" started-at="2023-05-24T05:38:16 PDT" name="beforeMethod" finished-at="2023-05-24T05:38:16 PDT" duration-ms="0" status="PASS">
          <reporter-output>
            <line>
              <![CDATA[BeforeMathod Annotation]]>
            </line>
          </reporter-output>
        </test-method> <!-- beforeMethod -->
        <test-method signature="f()[pri:0, instance:testNGannotation.Annotation@7a419da4]" started-at="2023-05-24T05:38:16 PDT" name="f" finished-at="2023-05-24T05:38:16 PDT" duration-ms="12" status="PASS">
          <reporter-output>
            <line>
              <![CDATA[Test Annotation]]>
            </line>
          </reporter-output>
        </test-method> <!-- f -->
        <test-method is-config="true" signature="afterMethod()[pri:0, instance:testNGannotation.Annotation@7a419da4]" started-at="2023-05-24T05:38:16 PDT" name="afterMethod" finished-at="2023-05-24T05:38:16 PDT" duration-ms="0" status="PASS">
          <reporter-output>
            <line>
              <![CDATA[AfterMathod Annotation]]>
            </line>
          </reporter-output>
        </test-method> <!-- afterMethod -->
        <test-method is-config="true" signature="afterClass()[pri:0, instance:testNGannotation.Annotation@7a419da4]" started-at="2023-05-24T05:38:16 PDT" name="afterClass" finished-at="2023-05-24T05:38:16 PDT" duration-ms="1" status="PASS">
          <reporter-output>
            <line>
              <![CDATA[AfterClass Annotation]]>
            </line>
          </reporter-output>
        </test-method> <!-- afterClass -->
        <test-method is-config="true" signature="afterTest()[pri:0, instance:testNGannotation.Annotation@7a419da4]" started-at="2023-05-24T05:38:16 PDT" name="afterTest" finished-at="2023-05-24T05:38:16 PDT" duration-ms="0" status="PASS">
          <reporter-output>
            <line>
              <![CDATA[AfterTest Annotation]]>
            </line>
          </reporter-output>
        </test-method> <!-- afterTest -->
        <test-method is-config="true" signature="afterSuite()[pri:0, instance:testNGannotation.Annotation@7a419da4]" started-at="2023-05-24T05:38:16 PDT" name="afterSuite" finished-at="2023-05-24T05:38:16 PDT" duration-ms="1" status="PASS">
          <reporter-output>
            <line>
              <![CDATA[AfterSuite Annotation]]>
            </line>
          </reporter-output>
        </test-method> <!-- afterSuite -->
      </class> <!-- testNGannotation.Annotation -->
    </test> <!-- Default test -->
  </suite> <!-- Default suite -->
</testng-results>
